2016-04-28 15:55:18,655 [main] INFO  org.eclipse.jetty.util.log - Logging initialized @288ms
2016-04-28 15:55:18,833 [main] INFO  org.eclipse.jetty.server.Server - jetty-9.2.z-SNAPSHOT
2016-04-28 15:55:18,901 [main] INFO  o.e.j.w.StandardDescriptorProcessor - NO JSP Support for /, did not find org.eclipse.jetty.jsp.JettyJspServlet
2016-04-28 15:55:18,930 [main] INFO  o.scalatra.servlet.ScalatraListener - The cycle class name from the config: ScalatraBootstrap
2016-04-28 15:55:19,000 [main] INFO  o.scalatra.servlet.ScalatraListener - Initializing life cycle class: ScalatraBootstrap
2016-04-28 15:55:19,136 [main] INFO  o.e.j.server.handler.ContextHandler - Started o.e.j.w.WebAppContext@6162abf8{/,file:/Users/pule/dev/projects/imhere/src/main/webapp/,AVAILABLE}
2016-04-28 15:55:19,146 [main] INFO  o.e.jetty.server.ServerConnector - Started ServerConnector@7e229394{HTTP/1.1}{0.0.0.0:8080}
2016-04-28 15:55:19,146 [main] INFO  org.eclipse.jetty.server.Server - Started @783ms
2016-04-28 16:04:17,549 [main] INFO  org.eclipse.jetty.util.log - Logging initialized @286ms
2016-04-28 16:04:17,716 [main] INFO  org.eclipse.jetty.server.Server - jetty-9.2.z-SNAPSHOT
2016-04-28 16:04:17,781 [main] INFO  o.e.j.w.StandardDescriptorProcessor - NO JSP Support for /, did not find org.eclipse.jetty.jsp.JettyJspServlet
2016-04-28 16:04:17,806 [main] INFO  o.scalatra.servlet.ScalatraListener - The cycle class name from the config: ScalatraBootstrap
2016-04-28 16:04:17,883 [main] INFO  o.scalatra.servlet.ScalatraListener - Initializing life cycle class: ScalatraBootstrap
2016-04-28 16:04:18,030 [main] INFO  o.e.j.server.handler.ContextHandler - Started o.e.j.w.WebAppContext@7b63daaf{/,file:/Users/pule/dev/projects/imhere/src/main/webapp/,AVAILABLE}
2016-04-28 16:04:18,040 [main] INFO  o.e.jetty.server.ServerConnector - Started ServerConnector@3dc5a51f{HTTP/1.1}{0.0.0.0:8080}
2016-04-28 16:04:18,040 [main] INFO  org.eclipse.jetty.server.Server - Started @781ms
2016-04-28 16:10:10,166 [main] INFO  org.eclipse.jetty.util.log - Logging initialized @287ms
2016-04-28 16:10:10,339 [main] INFO  org.eclipse.jetty.server.Server - jetty-9.2.z-SNAPSHOT
2016-04-28 16:10:10,409 [main] INFO  o.e.j.w.StandardDescriptorProcessor - NO JSP Support for /, did not find org.eclipse.jetty.jsp.JettyJspServlet
2016-04-28 16:10:10,434 [main] INFO  o.scalatra.servlet.ScalatraListener - The cycle class name from the config: ScalatraBootstrap
2016-04-28 16:10:10,516 [main] INFO  o.scalatra.servlet.ScalatraListener - Initializing life cycle class: ScalatraBootstrap
2016-04-28 16:10:10,651 [main] INFO  o.e.j.server.handler.ContextHandler - Started o.e.j.w.WebAppContext@204db0e4{/,file:/Users/pule/dev/projects/imhere/src/main/webapp/,AVAILABLE}
2016-04-28 16:10:10,660 [main] INFO  o.e.jetty.server.ServerConnector - Started ServerConnector@6065ffeb{HTTP/1.1}{0.0.0.0:8080}
2016-04-28 16:10:10,661 [main] INFO  org.eclipse.jetty.server.Server - Started @785ms
